#
# There is insufficient memory for the Java Runtime Environment to continue.
# Native memory allocation (malloc) failed to allocate 177072 bytes for Chunk::new
# Possible reasons:
#   The system is out of physical RAM or swap space
#   The process is running with CompressedOops enabled, and the Java Heap may be blocking the growth of the native heap
# Possible solutions:
#   Reduce memory load on the system
#   Increase physical memory or swap space
#   Check if swap backing store is full
#   Decrease Java heap size (-Xmx/-Xms)
#   Decrease number of Java threads
#   Decrease Java thread stack sizes (-Xss)
#   Set larger code cache with -XX:ReservedCodeCacheSize=
#   JVM is running with Unscaled Compressed Oops mode in which the Java heap is
#     placed in the first 4GB address space. The Java Heap base address is the
#     maximum limit for the native heap growth. Please use -XX:HeapBaseMinAddress
#     to set the Java Heap base and to place the Java Heap above 4GB virtual address.
# This output file may be truncated or incomplete.
#
#  Out of Memory Error (arena.cpp:184), pid=75212, tid=76888
#
# JRE version: OpenJDK Runtime Environment (18.0+36) (build 18+36-2087)
# Java VM: OpenJDK 64-Bit Server VM (18+36-2087, mixed mode, tiered, compressed oops, compressed class ptrs, g1 gc, windows-amd64)
# No core dump will be written. Minidumps are not enabled by default on client versions of Windows
#

---------------  S U M M A R Y ------------

Command Line: -javaagent:C:\Program Files\JetBrains\IntelliJ IDEA Community Edition 2021.3.3\lib\idea_rt.jar=55147:C:\Program Files\JetBrains\IntelliJ IDEA Community Edition 2021.3.3\bin -Dfile.encoding=windows-1251 Main

Host: Intel(R) Core(TM) i3-7100U CPU @ 2.40GHz, 4 cores, 3G,  Windows 10 , 64 bit Build 19041 (10.0.19041.3393)
Time: Sun Oct 29 23:07:33 2023  Windows 10 , 64 bit Build 19041 (10.0.19041.3393) elapsed time: 2.157889 seconds (0d 0h 0m 2s)

---------------  T H R E A D  ---------------

Current thread (0x0000022ad892fc70):  JavaThread "C2 CompilerThread0" daemon [_thread_in_native, id=76888, stack(0x0000009f94200000,0x0000009f94300000)]


Current CompileTask:
C2:   2158  169       4       java.util.HashMap::putVal (300 bytes)

Stack: [0x0000009f94200000,0x0000009f94300000]
Native frames: (J=compiled Java code, j=interpreted, Vv=VM code, C=native code)
V  [jvm.dll+0x69804a]
V  [jvm.dll+0x7f308d]
V  [jvm.dll+0x7f499e]
V  [jvm.dll+0x7f5053]
V  [jvm.dll+0x25ca3f]
V  [jvm.dll+0xb8c2f]
V  [jvm.dll+0xb8fa5]
V  [jvm.dll+0x385a6b]
V  [jvm.dll+0x34f811]
V  [jvm.dll+0x34ecaa]
V  [jvm.dll+0x22fc21]
V  [jvm.dll+0x22eff1]
V  [jvm.dll+0x1b9cfc]
V  [jvm.dll+0x23e8ca]
V  [jvm.dll+0x23cbac]
V  [jvm.dll+0x7a5781]
V  [jvm.dll+0x79fbba]
V  [jvm.dll+0x696ef5]
C  [ucrtbase.dll+0x21bb2]
C  [KERNEL32.DLL+0x17344]
C  [ntdll.dll+0x526b1]


---------------  P R O C E S S  ---------------

Threads class SMR info:
_java_thread_list=0x0000022adcd1f450, length=11, elements={
0x0000022abd669700, 0x0000022ad88f4150, 0x0000022ad88f4cc0, 0x0000022ad892d2c0,
0x0000022ad892dc60, 0x0000022ad892e600, 0x0000022ad892efa0, 0x0000022ad892fc70,
0x0000022ad8932660, 0x0000022ad898e8c0, 0x0000022adcc8d1e0
}

Java Threads: ( => current thread )
  0x0000022abd669700 JavaThread "main" [_thread_in_vm, id=84468, stack(0x0000009f93500000,0x0000009f93600000)]
  0x0000022ad88f4150 JavaThread "Reference Handler" daemon [_thread_blocked, id=84004, stack(0x0000009f93c00000,0x0000009f93d00000)]
  0x0000022ad88f4cc0 JavaThread "Finalizer" daemon [_thread_blocked, id=71752, stack(0x0000009f93d00000,0x0000009f93e00000)]
  0x0000022ad892d2c0 JavaThread "Signal Dispatcher" daemon [_thread_blocked, id=81764, stack(0x0000009f93e00000,0x0000009f93f00000)]
  0x0000022ad892dc60 JavaThread "Attach Listener" daemon [_thread_blocked, id=83584, stack(0x0000009f93f00000,0x0000009f94000000)]
  0x0000022ad892e600 JavaThread "Service Thread" daemon [_thread_blocked, id=83804, stack(0x0000009f94000000,0x0000009f94100000)]
  0x0000022ad892efa0 JavaThread "Monitor Deflation Thread" daemon [_thread_blocked, id=80316, stack(0x0000009f94100000,0x0000009f94200000)]
=>0x0000022ad892fc70 JavaThread "C2 CompilerThread0" daemon [_thread_in_native, id=76888, stack(0x0000009f94200000,0x0000009f94300000)]
  0x0000022ad8932660 JavaThread "C1 CompilerThread0" daemon [_thread_blocked, id=81028, stack(0x0000009f94300000,0x0000009f94400000)]
  0x0000022ad898e8c0 JavaThread "Sweeper thread" daemon [_thread_blocked, id=83752, stack(0x0000009f94400000,0x0000009f94500000)]
  0x0000022adcc8d1e0 JavaThread "Common-Cleaner" daemon [_thread_blocked, id=83884, stack(0x0000009f94500000,0x0000009f94600000)]

Other Threads:
  0x0000022ad8886220 VMThread "VM Thread" [stack: 0x0000009f93b00000,0x0000009f93c00000] [id=63792]
  0x0000022abd6a7b00 WorkerThread "GC Thread#0" [stack: 0x0000009f93600000,0x0000009f93700000] [id=5724]
  0x0000022abd6afbc0 ConcurrentGCThread "G1 Main Marker" [stack: 0x0000009f93700000,0x0000009f93800000] [id=84656]
  0x0000022abd6b0360 WorkerThread "G1 Conc#0" [stack: 0x0000009f93800000,0x0000009f93900000] [id=17480]
  0x0000022abd6d7610 ConcurrentGCThread "G1 Refine#0" [stack: 0x0000009f93900000,0x0000009f93a00000] [id=41432]
  0x0000022abd6d8f30 ConcurrentGCThread "G1 Service" [stack: 0x0000009f93a00000,0x0000009f93b00000] [id=16688]

Threads with active compile tasks:
C2 CompilerThread0     2230  169       4       java.util.HashMap::putVal (300 bytes)

VM state: not at safepoint (normal execution)

VM Mutex/Monitor currently owned by a thread: None

Heap address: 0x00000000c2000000, size: 992 MB, Compressed Oops mode: 32-bit

CDS archive(s) not mapped
Compressed class space mapped at: 0x0000000100000000-0x0000000140000000, reserved size: 1073741824
Narrow klass base: 0x0000000000000000, Narrow klass shift: 3, Narrow klass range: 0x140000000

GC Precious Log:
 CardTable entry size: 512
 Card Set container configuration: InlinePtr #cards 5 size 8 Array Of Cards #cards 12 size 40 Howl #buckets 4 coarsen threshold 1843 Howl Bitmap #cards 512 size 80 coarsen threshold 460 Card regions per heap region 1 cards per card region 2048
 CPUs: 4 total, 4 available
 Memory: 3962M
 Large Page Support: Disabled
 NUMA Support: Disabled
 Compressed Oops: Enabled (32-bit)
 Heap Region Size: 1M
 Heap Min Capacity: 8M
 Heap Initial Capacity: 62M
 Heap Max Capacity: 992M
 Pre-touch: Disabled
 Parallel Workers: 4
 Concurrent Workers: 1
 Concurrent Refinement Workers: 4
 Periodic GC: Disabled

Heap:
 garbage-first heap   total 63488K, used 1024K [0x00000000c2000000, 0x0000000100000000)
  region size 1024K, 2 young (2048K), 0 survivors (0K)
 Metaspace       used 5402K, committed 5568K, reserved 1114112K
  class space    used 429K, committed 512K, reserved 1048576K

Heap Regions: E=young(eden), S=young(survivor), O=old, HS=humongous(starts), HC=humongous(continues), CS=collection set, F=free, OA=open archive, CA=closed archive, TAMS=top-at-mark-start (previous, next)
|   0|0x00000000c2000000, 0x00000000c2000000, 0x00000000c2100000|  0%| F|  |TAMS 0x00000000c2000000, 0x00000000c2000000| Untracked 
|   1|0x00000000c2100000, 0x00000000c2100000, 0x00000000c2200000|  0%| F|  |TAMS 0x00000000c2100000, 0x00000000c2100000| Untracked 
|   2|0x00000000c2200000, 0x00000000c2200000, 0x00000000c2300000|  0%| F|  |TAMS 0x00000000c2200000, 0x00000000c2200000| Untracked 
|   3|0x00000000c2300000, 0x00000000c2300000, 0x00000000c2400000|  0%| F|  |TAMS 0x00000000c2300000, 0x00000000c2300000| Untracked 
|   4|0x00000000c2400000, 0x00000000c2400000, 0x00000000c2500000|  0%| F|  |TAMS 0x00000000c2400000, 0x00000000c2400000| Untracked 
|   5|0x00000000c2500000, 0x00000000c2500000, 0x00000000c2600000|  0%| F|  |TAMS 0x00000000c2500000, 0x00000000c2500000| Untracked 
|   6|0x00000000c2600000, 0x00000000c2600000, 0x00000000c2700000|  0%| F|  |TAMS 0x00000000c2600000, 0x00000000c2600000| Untracked 
|   7|0x00000000c2700000, 0x00000000c2700000, 0x00000000c2800000|  0%| F|  |TAMS 0x00000000c2700000, 0x00000000c2700000| Untracked 
|   8|0x00000000c2800000, 0x00000000c2800000, 0x00000000c2900000|  0%| F|  |TAMS 0x00000000c2800000, 0x00000000c2800000| Untracked 
|   9|0x00000000c2900000, 0x00000000c2900000, 0x00000000c2a00000|  0%| F|  |TAMS 0x00000000c2900000, 0x00000000c2900000| Untracked 
|  10|0x00000000c2a00000, 0x00000000c2a00000, 0x00000000c2b00000|  0%| F|  |TAMS 0x00000000c2a00000, 0x00000000c2a00000| Untracked 
|  11|0x00000000c2b00000, 0x00000000c2b00000, 0x00000000c2c00000|  0%| F|  |TAMS 0x00000000c2b00000, 0x00000000c2b00000| Untracked 
|  12|0x00000000c2c00000, 0x00000000c2c00000, 0x00000000c2d00000|  0%| F|  |TAMS 0x00000000c2c00000, 0x00000000c2c00000| Untracked 
|  13|0x00000000c2d00000, 0x00000000c2d00000, 0x00000000c2e00000|  0%| F|  |TAMS 0x00000000c2d00000, 0x00000000c2d00000| Untracked 
|  14|0x00000000c2e00000, 0x00000000c2e00000, 0x00000000c2f00000|  0%| F|  |TAMS 0x00000000c2e00000, 0x00000000c2e00000| Untracked 
|  15|0x00000000c2f00000, 0x00000000c2f00000, 0x00000000c3000000|  0%| F|  |TAMS 0x00000000c2f00000, 0x00000000c2f00000| Untracked 
|  16|0x00000000c3000000, 0x00000000c3000000, 0x00000000c3100000|  0%| F|  |TAMS 0x00000000c3000000, 0x00000000c3000000| Untracked 
|  17|0x00000000c3100000, 0x00000000c3100000, 0x00000000c3200000|  0%| F|  |TAMS 0x00000000c3100000, 0x00000000c3100000| Untracked 
|  18|0x00000000c3200000, 0x00000000c3200000, 0x00000000c3300000|  0%| F|  |TAMS 0x00000000c3200000, 0x00000000c3200000| Untracked 
|  19|0x00000000c3300000, 0x00000000c3300000, 0x00000000c3400000|  0%| F|  |TAMS 0x00000000c3300000, 0x00000000c3300000| Untracked 
|  20|0x00000000c3400000, 0x00000000c3400000, 0x00000000c3500000|  0%| F|  |TAMS 0x00000000c3400000, 0x00000000c3400000| Untracked 
|  21|0x00000000c3500000, 0x00000000c3500000, 0x00000000c3600000|  0%| F|  |TAMS 0x00000000c3500000, 0x00000000c3500000| Untracked 
|  22|0x00000000c3600000, 0x00000000c3600000, 0x00000000c3700000|  0%| F|  |TAMS 0x00000000c3600000, 0x00000000c3600000| Untracked 
|  23|0x00000000c3700000, 0x00000000c3700000, 0x00000000c3800000|  0%| F|  |TAMS 0x00000000c3700000, 0x00000000c3700000| Untracked 
|  24|0x00000000c3800000, 0x00000000c3800000, 0x00000000c3900000|  0%| F|  |TAMS 0x00000000c3800000, 0x00000000c3800000| Untracked 
|  25|0x00000000c3900000, 0x00000000c3900000, 0x00000000c3a00000|  0%| F|  |TAMS 0x00000000c3900000, 0x00000000c3900000| Untracked 
|  26|0x00000000c3a00000, 0x00000000c3a00000, 0x00000000c3b00000|  0%| F|  |TAMS 0x00000000c3a00000, 0x00000000c3a00000| Untracked 
|  27|0x00000000c3b00000, 0x00000000c3b00000, 0x00000000c3c00000|  0%| F|  |TAMS 0x00000000c3b00000, 0x00000000c3b00000| Untracked 
|  28|0x00000000c3c00000, 0x00000000c3c00000, 0x00000000c3d00000|  0%| F|  |TAMS 0x00000000c3c00000, 0x00000000c3c00000| Untracked 
|  29|0x00000000c3d00000, 0x00000000c3d00000, 0x00000000c3e00000|  0%| F|  |TAMS 0x00000000c3d00000, 0x00000000c3d00000| Untracked 
|  30|0x00000000c3e00000, 0x00000000c3e00000, 0x00000000c3f00000|  0%| F|  |TAMS 0x00000000c3e00000, 0x00000000c3e00000| Untracked 
|  31|0x00000000c3f00000, 0x00000000c3f00000, 0x00000000c4000000|  0%| F|  |TAMS 0x00000000c3f00000, 0x00000000c3f00000| Untracked 
|  32|0x00000000c4000000, 0x00000000c4000000, 0x00000000c4100000|  0%| F|  |TAMS 0x00000000c4000000, 0x00000000c4000000| Untracked 
|  33|0x00000000c4100000, 0x00000000c4100000, 0x00000000c4200000|  0%| F|  |TAMS 0x00000000c4100000, 0x00000000c4100000| Untracked 
|  34|0x00000000c4200000, 0x00000000c4200000, 0x00000000c4300000|  0%| F|  |TAMS 0x00000000c4200000, 0x00000000c4200000| Untracked 
|  35|0x00000000c4300000, 0x00000000c4300000, 0x00000000c4400000|  0%| F|  |TAMS 0x00000000c4300000, 0x00000000c4300000| Untracked 
|  36|0x00000000c4400000, 0x00000000c4400000, 0x00000000c4500000|  0%| F|  |TAMS 0x00000000c4400000, 0x00000000c4400000| Untracked 
|  37|0x00000000c4500000, 0x00000000c4500000, 0x00000000c4600000|  0%| F|  |TAMS 0x00000000c4500000, 0x00000000c4500000| Untracked 
|  38|0x00000000c4600000, 0x00000000c4600000, 0x00000000c4700000|  0%| F|  |TAMS 0x00000000c4600000, 0x00000000c4600000| Untracked 
|  39|0x00000000c4700000, 0x00000000c4700000, 0x00000000c4800000|  0%| F|  |TAMS 0x00000000c4700000, 0x00000000c4700000| Untracked 
|  40|0x00000000c4800000, 0x00000000c4800000, 0x00000000c4900000|  0%| F|  |TAMS 0x00000000c4800000, 0x00000000c4800000| Untracked 
|  41|0x00000000c4900000, 0x00000000c4900000, 0x00000000c4a00000|  0%| F|  |TAMS 0x00000000c4900000, 0x00000000c4900000| Untracked 
|  42|0x00000000c4a00000, 0x00000000c4a00000, 0x00000000c4b00000|  0%| F|  |TAMS 0x00000000c4a00000, 0x00000000c4a00000| Untracked 
|  43|0x00000000c4b00000, 0x00000000c4b00000, 0x00000000c4c00000|  0%| F|  |TAMS 0x00000000c4b00000, 0x00000000c4b00000| Untracked 
|  44|0x00000000c4c00000, 0x00000000c4c00000, 0x00000000c4d00000|  0%| F|  |TAMS 0x00000000c4c00000, 0x00000000c4c00000| Untracked 
|  45|0x00000000c4d00000, 0x00000000c4d00000, 0x00000000c4e00000|  0%| F|  |TAMS 0x00000000c4d00000, 0x00000000c4d00000| Untracked 
|  46|0x00000000c4e00000, 0x00000000c4e00000, 0x00000000c4f00000|  0%| F|  |TAMS 0x00000000c4e00000, 0x00000000c4e00000| Untracked 
|  47|0x00000000c4f00000, 0x00000000c4f00000, 0x00000000c5000000|  0%| F|  |TAMS 0x00000000c4f00000, 0x00000000c4f00000| Untracked 
|  48|0x00000000c5000000, 0x00000000c5000000, 0x00000000c5100000|  0%| F|  |TAMS 0x00000000c5000000, 0x00000000c5000000| Untracked 
|  49|0x00000000c5100000, 0x00000000c5100000, 0x00000000c5200000|  0%| F|  |TAMS 0x00000000c5100000, 0x00000000c5100000| Untracked 
|  50|0x00000000c5200000, 0x00000000c5200000, 0x00000000c5300000|  0%| F|  |TAMS 0x00000000c5200000, 0x00000000c5200000| Untracked 
|  51|0x00000000c5300000, 0x00000000c5300000, 0x00000000c5400000|  0%| F|  |TAMS 0x00000000c5300000, 0x00000000c5300000| Untracked 
|  52|0x00000000c5400000, 0x00000000c5400000, 0x00000000c5500000|  0%| F|  |TAMS 0x00000000c5400000, 0x00000000c5400000| Untracked 
|  53|0x00000000c5500000, 0x00000000c5500000, 0x00000000c5600000|  0%| F|  |TAMS 0x00000000c5500000, 0x00000000c5500000| Untracked 
|  54|0x00000000c5600000, 0x00000000c5600000, 0x00000000c5700000|  0%| F|  |TAMS 0x00000000c5600000, 0x00000000c5600000| Untracked 
|  55|0x00000000c5700000, 0x00000000c5700000, 0x00000000c5800000|  0%| F|  |TAMS 0x00000000c5700000, 0x00000000c5700000| Untracked 
|  56|0x00000000c5800000, 0x00000000c5800000, 0x00000000c5900000|  0%| F|  |TAMS 0x00000000c5800000, 0x00000000c5800000| Untracked 
|  57|0x00000000c5900000, 0x00000000c5900000, 0x00000000c5a00000|  0%| F|  |TAMS 0x00000000c5900000, 0x00000000c5900000| Untracked 
|  58|0x00000000c5a00000, 0x00000000c5a00000, 0x00000000c5b00000|  0%| F|  |TAMS 0x00000000c5a00000, 0x00000000c5a00000| Untracked 
|  59|0x00000000c5b00000, 0x00000000c5b00000, 0x00000000c5c00000|  0%| F|  |TAMS 0x00000000c5b00000, 0x00000000c5b00000| Untracked 
|  60|0x00000000c5c00000, 0x00000000c5cc8338, 0x00000000c5d00000| 78%| E|  |TAMS 0x00000000c5c00000, 0x00000000c5c00000| Complete 
|  61|0x00000000c5d00000, 0x00000000c5e00000, 0x00000000c5e00000|100%| E|CS|TAMS 0x00000000c5d00000, 0x00000000c5d00000| Complete 

Card table byte_map: [0x0000022ad4180000,0x0000022ad4370000] _byte_map_base: 0x0000022ad3b70000

Marking Bits (Prev, Next): (CMBitMap*) 0x0000022abb56d060, (CMBitMap*) 0x0000022abb56d0a0
 Prev Bits: [0x0000022ad4560000, 0x0000022ad54e0000)
 Next Bits: [0x0000022ad54e0000, 0x0000022ad6460000)

Polling page: 0x0000022abb7e0000

Metaspace:

Usage:
  Non-class:      4.91 MB used.
      Class:    433.59 KB used.
       Both:      5.33 MB used.

Virtual space:
  Non-class space:       64.00 MB reserved,       5.00 MB (  8%) committed,  1 nodes.
      Class space:        1.00 GB reserved,     512.00 KB ( <1%) committed,  1 nodes.
             Both:        1.06 GB reserved,       5.50 MB ( <1%) committed. 

Chunk freelists:
   Non-Class:  3.00 MB
       Class:  3.56 MB
        Both:  6.56 MB

MaxMetaspaceSize: unlimited
CompressedClassSpaceSize: 1.00 GB
Initial GC threshold: 21.00 MB
Current GC threshold: 21.00 MB
CDS: off
MetaspaceReclaimPolicy: balanced
 - commit_granule_bytes: 65536.
 - commit_granule_words: 8192.
 - virtual_space_node_default_size: 8388608.
 - enlarge_chunks_in_place: 1.
 - new_chunks_are_fully_committed: 0.
 - uncommit_free_chunks: 1.
 - use_allocation_guard: 0.


Internal statistics:

num_allocs_failed_limit: 0.
num_arena_births: 6.
num_arena_deaths: 0.
num_vsnodes_births: 2.
num_vsnodes_deaths: 0.
num_space_committed: 88.
num_space_uncommitted: 0.
num_chunks_returned_to_freelist: 0.
num_chunks_taken_from_freelist: 10.
num_chunk_merges: 0.
num_chunk_splits: 5.
num_chunks_enlarged: 2.
num_inconsistent_stats: 0.

CodeHeap 'non-profiled nmethods': size=120000Kb used=54Kb max_used=54Kb free=119946Kb
 bounds [0x0000022acca60000, 0x0000022acccd0000, 0x0000022ad3f90000]
CodeHeap 'profiled nmethods': size=120000Kb used=199Kb max_used=199Kb free=119800Kb
 bounds [0x0000022ac5530000, 0x0000022ac57a0000, 0x0000022acca60000]
CodeHeap 'non-nmethods': size=5760Kb used=1086Kb max_used=1097Kb free=4673Kb
 bounds [0x0000022ac4f90000, 0x0000022ac5200000, 0x0000022ac5530000]
 total_blobs=525 nmethods=180 adapters=258
 compilation: enabled
              stopped_count=0, restarted_count=0
 full_count=0

Compilation events (20 events):
Event: 2.141 Thread 0x0000022ad8932660  165       1       java.lang.module.ResolvedModule::reference (5 bytes)
Event: 2.141 Thread 0x0000022ad8932660 nmethod 165 0x0000022acca6c610 code [0x0000022acca6c7a0, 0x0000022acca6c878]
Event: 2.141 Thread 0x0000022ad8932660  166       3       java.lang.module.ResolvedModule::name (11 bytes)
Event: 2.141 Thread 0x0000022ad8932660 nmethod 166 0x0000022ac555df90 code [0x0000022ac555e120, 0x0000022ac555e278]
Event: 2.141 Thread 0x0000022ad8932660  167       3       java.util.AbstractMap::<init> (5 bytes)
Event: 2.141 Thread 0x0000022ad8932660 nmethod 167 0x0000022ac555e390 code [0x0000022ac555e520, 0x0000022ac555e678]
Event: 2.142 Thread 0x0000022ad8932660  168       3       java.util.HashSet::<init> (16 bytes)
Event: 2.142 Thread 0x0000022ad892fc70  169       4       java.util.HashMap::putVal (300 bytes)
Event: 2.142 Thread 0x0000022ad8932660 nmethod 168 0x0000022ac555e710 code [0x0000022ac555e8e0, 0x0000022ac555ecf8]
Event: 2.143 Thread 0x0000022ad8932660  171       3       java.lang.Math::max (11 bytes)
Event: 2.143 Thread 0x0000022ad8932660 nmethod 171 0x0000022ac555ee90 code [0x0000022ac555f020, 0x0000022ac555f158]
Event: 2.144 Thread 0x0000022ad8932660  172       1       java.lang.module.ResolvedModule::configuration (5 bytes)
Event: 2.145 Thread 0x0000022ad8932660 nmethod 172 0x0000022acca6c910 code [0x0000022acca6caa0, 0x0000022acca6cb78]
Event: 2.145 Thread 0x0000022ad8932660  173       1       java.lang.module.ModuleDescriptor::isOpen (5 bytes)
Event: 2.145 Thread 0x0000022ad8932660 nmethod 173 0x0000022acca6cc10 code [0x0000022acca6cda0, 0x0000022acca6ce78]
Event: 2.145 Thread 0x0000022ad8932660  174       1       java.util.HashMap::size (5 bytes)
Event: 2.145 Thread 0x0000022ad8932660 nmethod 174 0x0000022acca6cf10 code [0x0000022acca6d0a0, 0x0000022acca6d178]
Event: 2.145 Thread 0x0000022ad8932660  175       1       java.lang.module.ModuleDescriptor$Provides::service (5 bytes)
Event: 2.145 Thread 0x0000022ad8932660 nmethod 175 0x0000022acca6d210 code [0x0000022acca6d3a0, 0x0000022acca6d478]
Event: 2.154 Thread 0x0000022ad8932660  176       3       java.lang.String::charAt (25 bytes)

GC Heap History (0 events):
No events

Deoptimization events (4 events):
Event: 2.153 Thread 0x0000022abd669700 Uncommon trap: trap_request=0xffffff45 fr.pc=0x0000022acca61334 relative=0x00000000000000b4
Event: 2.153 Thread 0x0000022abd669700 Uncommon trap: reason=unstable_if action=reinterpret pc=0x0000022acca61334 method=java.lang.String.isLatin1()Z @ 10 c2
Event: 2.153 Thread 0x0000022abd669700 DEOPT PACKING pc=0x0000022acca61334 sp=0x0000009f935fe9d0
Event: 2.153 Thread 0x0000022abd669700 DEOPT UNPACKING pc=0x0000022ac4fe23a3 sp=0x0000009f935fe910 mode 2

Classes loaded (20 events):
Event: 2.137 Loading class jdk/internal/module/ModuleLoaderMap$Modules
Event: 2.137 Loading class jdk/internal/module/ModuleLoaderMap$Modules done
Event: 2.145 Loading class jdk/internal/loader/AbstractClassLoaderValue$Memoizer
Event: 2.145 Loading class jdk/internal/loader/AbstractClassLoaderValue$Memoizer done
Event: 2.145 Loading class jdk/internal/module/ServicesCatalog$ServiceProvider
Event: 2.146 Loading class jdk/internal/module/ServicesCatalog$ServiceProvider done
Event: 2.146 Loading class java/util/concurrent/CopyOnWriteArrayList
Event: 2.146 Loading class java/util/concurrent/CopyOnWriteArrayList done
Event: 2.147 Loading class java/lang/ModuleLayer$Controller
Event: 2.147 Loading class java/lang/ModuleLayer$Controller done
Event: 2.147 Loading class jdk/internal/module/ModuleBootstrap$SafeModuleFinder
Event: 2.148 Loading class jdk/internal/module/ModuleBootstrap$SafeModuleFinder done
Event: 2.148 Loading class java/lang/invoke/StringConcatFactory
Event: 2.148 Loading class java/lang/invoke/StringConcatFactory done
Event: 2.148 Loading class java/lang/invoke/StringConcatFactory$1
Event: 2.148 Loading class java/lang/invoke/StringConcatFactory$1 done
Event: 2.148 Loading class java/lang/invoke/StringConcatFactory$2
Event: 2.149 Loading class java/lang/invoke/StringConcatFactory$2 done
Event: 2.149 Loading class java/lang/invoke/StringConcatFactory$3
Event: 2.149 Loading class java/lang/invoke/StringConcatFactory$3 done

Classes unloaded (0 events):
No events

Classes redefined (0 events):
No events

Internal exceptions (0 events):
No events

VM Operations (4 events):
Event: 1.295 Executing VM operation: Cleanup
Event: 1.310 Executing VM operation: Cleanup done
Event: 2.124 Executing VM operation: HandshakeAllThreads
Event: 2.124 Executing VM operation: HandshakeAllThreads done

Events (14 events):
Event: 0.105 Loaded shared library C:\Users\facel\.jdks\openjdk-18\bin\java.dll
Event: 0.281 Loaded shared library C:\Users\facel\.jdks\openjdk-18\bin\jsvml.dll
Event: 0.281 Thread 0x0000022abd669700 Thread added: 0x0000022abd669700
Event: 0.308 Thread 0x0000022ad88f4150 Thread added: 0x0000022ad88f4150
Event: 0.309 Thread 0x0000022ad88f4cc0 Thread added: 0x0000022ad88f4cc0
Event: 0.535 Thread 0x0000022ad892d2c0 Thread added: 0x0000022ad892d2c0
Event: 0.536 Thread 0x0000022ad892dc60 Thread added: 0x0000022ad892dc60
Event: 0.536 Thread 0x0000022ad892e600 Thread added: 0x0000022ad892e600
Event: 0.536 Thread 0x0000022ad892efa0 Thread added: 0x0000022ad892efa0
Event: 0.537 Thread 0x0000022ad892fc70 Thread added: 0x0000022ad892fc70
Event: 0.789 Thread 0x0000022ad8932660 Thread added: 0x0000022ad8932660
Event: 0.831 Thread 0x0000022ad898e8c0 Thread added: 0x0000022ad898e8c0
Event: 2.089 Thread 0x0000022adcc8d1e0 Thread added: 0x0000022adcc8d1e0
Event: 2.152 Loaded shared library C:\Users\facel\.jdks\openjdk-18\bin\zip.dll


Dynamic libraries:
0x00007ff6edf90000 - 0x00007ff6edf9e000 	C:\Users\facel\.jdks\openjdk-18\bin\java.exe
0x00007ffb2af30000 - 0x00007ffb2b128000 	C:\WINDOWS\SYSTEM32\ntdll.dll
0x00007ffb29ce0000 - 0x00007ffb29d9d000 	C:\WINDOWS\System32\KERNEL32.DLL
0x00007ffb288a0000 - 0x00007ffb28b96000 	C:\WINDOWS\System32\KERNELBASE.dll
0x00007ffb28680000 - 0x00007ffb28780000 	C:\WINDOWS\System32\ucrtbase.dll
0x00007ffb04a20000 - 0x00007ffb04a37000 	C:\Users\facel\.jdks\openjdk-18\bin\jli.dll
0x00007ffb2a580000 - 0x00007ffb2a71e000 	C:\WINDOWS\System32\USER32.dll
0x00007ffb28820000 - 0x00007ffb28842000 	C:\WINDOWS\System32\win32u.dll
0x00007ffb2a380000 - 0x00007ffb2a3ac000 	C:\WINDOWS\System32\GDI32.dll
0x00007ffb28d10000 - 0x00007ffb28e2a000 	C:\WINDOWS\System32\gdi32full.dll
0x00007ffb28780000 - 0x00007ffb2881d000 	C:\WINDOWS\System32\msvcp_win.dll
0x00007ffb06900000 - 0x00007ffb0691a000 	C:\Users\facel\.jdks\openjdk-18\bin\VCRUNTIME140.dll
0x00007ffb10dc0000 - 0x00007ffb1105a000 	C:\WINDOWS\WinSxS\amd64_microsoft.windows.common-controls_6595b64144ccf1df_6.0.19041.1110_none_60b5254171f9507e\COMCTL32.dll
0x00007ffb29f80000 - 0x00007ffb2a01e000 	C:\WINDOWS\System32\msvcrt.dll
0x00007ffb2ab90000 - 0x00007ffb2abc0000 	C:\WINDOWS\System32\IMM32.DLL
0x00007ffb20440000 - 0x00007ffb2044c000 	C:\Users\facel\.jdks\openjdk-18\bin\vcruntime140_1.dll
0x00007ffae7cb0000 - 0x00007ffae7d3d000 	C:\Users\facel\.jdks\openjdk-18\bin\msvcp140.dll
0x00007ffaaf2f0000 - 0x00007ffaaff01000 	C:\Users\facel\.jdks\openjdk-18\bin\server\jvm.dll
0x00007ffb29db0000 - 0x00007ffb29e5e000 	C:\WINDOWS\System32\ADVAPI32.dll
0x00007ffb2a4e0000 - 0x00007ffb2a57c000 	C:\WINDOWS\System32\sechost.dll
0x00007ffb2adc0000 - 0x00007ffb2aee6000 	C:\WINDOWS\System32\RPCRT4.dll
0x00007ffb2acd0000 - 0x00007ffb2acd8000 	C:\WINDOWS\System32\PSAPI.DLL
0x00007ffb23cd0000 - 0x00007ffb23cd9000 	C:\WINDOWS\SYSTEM32\WSOCK32.dll
0x00007ffb29c70000 - 0x00007ffb29cdb000 	C:\WINDOWS\System32\WS2_32.dll
0x00007ffb13bc0000 - 0x00007ffb13be7000 	C:\WINDOWS\SYSTEM32\WINMM.dll
0x00007ffb18a80000 - 0x00007ffb18a8a000 	C:\WINDOWS\SYSTEM32\VERSION.dll
0x00007ffb26e30000 - 0x00007ffb26e42000 	C:\WINDOWS\SYSTEM32\kernel.appcore.dll
0x00007ffb20290000 - 0x00007ffb2029a000 	C:\Users\facel\.jdks\openjdk-18\bin\jimage.dll
0x00007ffb26c20000 - 0x00007ffb26e04000 	C:\WINDOWS\SYSTEM32\DBGHELP.DLL
0x00007ffb18b60000 - 0x00007ffb18b94000 	C:\WINDOWS\SYSTEM32\dbgcore.DLL
0x00007ffb28ba0000 - 0x00007ffb28c22000 	C:\WINDOWS\System32\bcryptPrimitives.dll
0x00007ffb17cb0000 - 0x00007ffb17cbe000 	C:\Users\facel\.jdks\openjdk-18\bin\instrument.dll
0x00007ffb00ff0000 - 0x00007ffb01015000 	C:\Users\facel\.jdks\openjdk-18\bin\java.dll
0x00007ffae5ca0000 - 0x00007ffae5d76000 	C:\Users\facel\.jdks\openjdk-18\bin\jsvml.dll
0x00007ffb29140000 - 0x00007ffb29885000 	C:\WINDOWS\System32\SHELL32.dll
0x00007ffb26340000 - 0x00007ffb26adb000 	C:\WINDOWS\SYSTEM32\windows.storage.dll
0x00007ffb2a020000 - 0x00007ffb2a374000 	C:\WINDOWS\System32\combase.dll
0x00007ffb27f80000 - 0x00007ffb27fae000 	C:\WINDOWS\SYSTEM32\Wldp.dll
0x00007ffb2ac20000 - 0x00007ffb2accd000 	C:\WINDOWS\System32\SHCORE.dll
0x00007ffb2abc0000 - 0x00007ffb2ac15000 	C:\WINDOWS\System32\shlwapi.dll
0x00007ffb28540000 - 0x00007ffb28565000 	C:\WINDOWS\SYSTEM32\profapi.dll
0x00007ffaf8a30000 - 0x00007ffaf8a48000 	C:\Users\facel\.jdks\openjdk-18\bin\zip.dll

dbghelp: loaded successfully - version: 4.0.5 - missing functions: none
symbol engine: initialized successfully - sym options: 0x614 - pdb path: .;C:\Users\facel\.jdks\openjdk-18\bin;C:\WINDOWS\SYSTEM32;C:\WINDOWS\WinSxS\amd64_microsoft.windows.common-controls_6595b64144ccf1df_6.0.19041.1110_none_60b5254171f9507e;C:\Users\facel\.jdks\openjdk-18\bin\server

VM Arguments:
jvm_args: -javaagent:C:\Program Files\JetBrains\IntelliJ IDEA Community Edition 2021.3.3\lib\idea_rt.jar=55147:C:\Program Files\JetBrains\IntelliJ IDEA Community Edition 2021.3.3\bin -Dfile.encoding=windows-1251 
java_command: Main
java_class_path (initial): D:\01_Study\GYM_bot\Gym-bot\target\classes;C:\Users\facel\.m2\repository\org\telegram\telegrambots\5.0.1\telegrambots-5.0.1.jar;C:\Users\facel\.m2\repository\org\telegram\telegrambots-meta\5.0.1\telegrambots-meta-5.0.1.jar;C:\Users\facel\.m2\repository\com\google\guava\guava\30.0-jre\guava-30.0-jre.jar;C:\Users\facel\.m2\repository\com\google\guava\failureaccess\1.0.1\failureaccess-1.0.1.jar;C:\Users\facel\.m2\repository\com\google\guava\listenablefuture\9999.0-empty-to-avoid-conflict-with-guava\listenablefuture-9999.0-empty-to-avoid-conflict-with-guava.jar;C:\Users\facel\.m2\repository\com\google\code\findbugs\jsr305\3.0.2\jsr305-3.0.2.jar;C:\Users\facel\.m2\repository\org\checkerframework\checker-qual\3.5.0\checker-qual-3.5.0.jar;C:\Users\facel\.m2\repository\com\google\errorprone\error_prone_annotations\2.3.4\error_prone_annotations-2.3.4.jar;C:\Users\facel\.m2\repository\com\google\j2objc\j2objc-annotations\1.3\j2objc-annotations-1.3.jar;C:\Users\facel\.m2\repository\com\fasterxml\jackson\core\jackson-annotations\2.11.3\jackson-annotations-2.11.3.jar;C:\Users\facel\.m2\repository\com\fasterxml\jackson\jaxrs\jackson-jaxrs-json-provider\2.11.3\jackson-jaxrs-json-provider-2.11.3.jar;C:\Users\facel\.m2\repository\com\fasterxml\jackson\jaxrs\jackson-jaxrs-base\2.11.3\jackson-jaxrs-base-2.11.3.jar;C:\Users\facel\.m2\repository\com\fasterxml\jackson\module\jackson-module-jaxb-annotations\2.11.3\jackson-module-jaxb-annotations-2.11.3.jar;C:\Users\facel\.m2\repository\com\fasterxml\jackson\core\jackson-core\2.11.3\jackson-core-2.11.3.jar;C:\Users\facel\.m2\repository\jakarta\xml\bind\jakarta.xml.bind-api\2.3.2\jakarta.xml.bind-api-2.3.2.jar;C:\Users\facel\.m2\repository\jakarta\activation\jakarta.activation-api\1.2.1\jakarta.activation-api-1.2.1.jar;C:\Users\facel\.m2\repository\com\fasterxml\jackson\core\jackson-databind\2.11.3\jackson-databind-2.11.3.jar;C:\Users\facel\.m2\repository\org\glassfish\jersey\inject\jersey-hk2\2.32\jersey-hk2-2.32.jar;C:\Users\facel\.m2\repository\org\glassfish\jersey\core\jersey-common\2.32\jersey-common-2.32.jar;C:\Users\facel\.m2\repository\org\glassfish\hk2\osgi-resource-locator\1.0.3\osgi-resource-locator-1.0.3.jar;C:\Users\facel\.m2\repository\com\sun\activation\jakarta.activation\1.2.2\jakarta.activation-1.2.2.jar;C:\Users\facel\.m2\repository\org\glassfish\hk2\hk2-locator\2.6.1\hk2-locator-2.6.1.jar;C:\Users\facel\.m2\repository\org\glassfish\hk2\external\aopalliance-repackaged\2.6.1\aopalliance-repackaged-2.6.1.jar;C:\Users\facel\.m2\repository\org\glassfish\hk2\hk2-api\2.6.1\hk2-api-2.6.1.jar;C:\Users\facel\.m2\repository\org\glassfish\hk2\hk2-utils\2.6.1\hk2-utils-2.6.1.jar;C:\Users\facel\.m2\repository\org\javassist\javassist\3.25.0-GA\javassist-3.25.0-GA.jar;C:\Users\facel\.m2\repository\org\glassfish\jersey\media\jersey-media-json-jackson\2.32\jersey-media-json-jackson-2.32.jar;C:\Users\facel\.m2\repository\org\glassfish\jersey\ext\jersey-entity-filtering\2.32\jersey-entity-filtering-2.32.jar;C:\Users\facel\.m2\repository\org\glassfish\jersey\containers\jersey-container-grizzly2-http\2.32\jersey-container-grizzly2-http-2.32.jar;C:\Users\facel\.m2\repository\org\glassfish\hk2\external\jakarta.inject\2.6.1\jakarta.inject-2.6.1.jar;C:\Users\facel\.m2\repository\org\glassfish\grizzly\grizzly-http-server\2.4.4\grizzly-http-server-2.4.4.jar;C:\Users\facel\.m2\repository\org\glassfish\grizzly\grizzly-http\2.4.4\grizzly-http-2.4.4.jar;C:\Users\facel\.m2\repository\org\glassfish\grizzly\grizzly-framework\2.4.4\grizzly-framework-2.4.4.jar;C:\Users\facel\.m2\repository\jakarta\ws\rs\jakarta.ws.rs-api\2.1.6\jakarta.ws.rs-api-2.1.6.jar;C:\Users\facel\.m2\repository\org\glassfish\jersey\core\jersey-server\2.32\jersey-server-2.32.jar;C:\Users\facel\.m2\repository\org\glassfish\jersey\core\jersey-client\2.32\jersey-client-2.32.jar;C:\Users\facel\.m2\repository\org\glassfish\jersey\media\jersey-media-jaxb\2.32\jersey-media-jaxb-2.32.jar;C:\Users\facel\.m2\repository\jakarta\annotation\jakarta.annotation-api\1.3.5\jakarta.annotation-api-1.3.5.jar;C:\Users\facel\.m2\repository\jakarta\validation\jakarta.validation-api\2.0.2\jakarta.validation-api-2.0.2.jar;C:\Users\facel\.m2\repository\org\json\json\20180813\json-20180813.jar;C:\Users\facel\.m2\repository\org\apache\httpcomponents\httpclient\4.5.13\httpclient-4.5.13.jar;C:\Users\facel\.m2\repository\org\apache\httpcomponents\httpcore\4.4.13\httpcore-4.4.13.jar;C:\Users\facel\.m2\repository\commons-logging\commons-logging\1.2\commons-logging-1.2.jar;C:\Users\facel\.m2\repository\commons-codec\commons-codec\1.11\commons-codec-1.11.jar;C:\Users\facel\.m2\repository\org\apache\httpcomponents\httpmime\4.5.13\httpmime-4.5.13.jar;C:\Users\facel\.m2\repository\commons-io\commons-io\2.8.0\commons-io-2.8.0.jar;C:\Users\facel\.m2\repository\org\slf4j\slf4j-api\1.7.30\slf4j-api-1.7.30.jar;C:\Users\facel\.m2\repository\mysql\mysql-connector-java\8.0.15\mysql-connector-java-8.0.15.jar;C:\Users\facel\.m2\repository\com\google\protobuf\protobuf-java\3.6.1\protobuf-java-3.6.1.jar
Launcher Type: SUN_STANDARD

[Global flags]
     intx CICompilerCount                          = 3                                         {product} {ergonomic}
     uint ConcGCThreads                            = 1                                         {product} {ergonomic}
     uint G1ConcRefinementThreads                  = 4                                         {product} {ergonomic}
   size_t G1HeapRegionSize                         = 1048576                                   {product} {ergonomic}
    uintx GCDrainStackTargetSize                   = 64                                        {product} {ergonomic}
   size_t InitialHeapSize                          = 65011712                                  {product} {ergonomic}
   size_t MarkStackSize                            = 4194304                                   {product} {ergonomic}
   size_t MaxHeapSize                              = 1040187392                                {product} {ergonomic}
   size_t MaxNewSize                               = 623902720                                 {product} {ergonomic}
   size_t MinHeapDeltaBytes                        = 1048576                                   {product} {ergonomic}
   size_t MinHeapSize                              = 8388608                                   {product} {ergonomic}
    uintx NonNMethodCodeHeapSize                   = 5832780                                {pd product} {ergonomic}
    uintx NonProfiledCodeHeapSize                  = 122912730                              {pd product} {ergonomic}
    uintx ProfiledCodeHeapSize                     = 122912730                              {pd product} {ergonomic}
    uintx ReservedCodeCacheSize                    = 251658240                              {pd product} {ergonomic}
     bool SegmentedCodeCache                       = true                                      {product} {ergonomic}
   size_t SoftMaxHeapSize                          = 1040187392                             {manageable} {ergonomic}
     bool UseCompressedClassPointers               = true                           {product lp64_product} {ergonomic}
     bool UseCompressedOops                        = true                           {product lp64_product} {ergonomic}
     bool UseG1GC                                  = true                                      {product} {ergonomic}
     bool UseLargePagesIndividualAllocation        = false                                  {pd product} {ergonomic}

Logging:
Log output configuration:
 #0: stdout all=warning uptime,level,tags foldmultilines=false
 #1: stderr all=off uptime,level,tags foldmultilines=false

Environment Variables:
PATH=C:\Program Files\Eclipse Adoptium\jdk-17.0.8.101-hotspot\bin;C:\WINDOWS\system32;C:\WINDOWS;C:\WINDOWS\System32\Wbem;C:\WINDOWS\System32\WindowsPowerShell\v1.0\;C:\WINDOWS\System32\OpenSSH\;C:\Program Files\TortoiseGit\bin;C:\Program Files (x86)\dotnet\;C:\Program Files\Git\cmd;C:\Program Files\MySQL\MySQL Shell 8.0\bin\;C:\Users\facel\AppData\Local\Microsoft\WindowsApps;
USERNAME=facel
OS=Windows_NT
PROCESSOR_IDENTIFIER=Intel64 Family 6 Model 142 Stepping 9, GenuineIntel



---------------  S Y S T E M  ---------------

OS:
 Windows 10 , 64 bit Build 19041 (10.0.19041.3393)
OS uptime: 21 days 6:20 hours

CPU: total 4 (initial active 4) (2 cores per cpu, 2 threads per core) family 6 model 142 stepping 9 microcode 0xc6, cx8, cmov, fxsr, ht, mmx, 3dnowpref, sse, sse2, sse3, ssse3, sse4.1, sse4.2, popcnt, lzcnt, tsc, tscinvbit, avx, avx2, aes, erms, clmul, bmi1, bmi2, adx, fma, vzeroupper, clflush, clflushopt

Memory: 4k page, system-wide physical 3962M (136M free)
TotalPageFile size 16250M (AvailPageFile size 122M)
current process WorkingSet (physical memory assigned to process): 29M, peak: 29M
current process commit charge ("private bytes"): 128M, peak: 128M

vm_info: OpenJDK 64-Bit Server VM (18+36-2087) for windows-amd64 JRE (18+36-2087), built on Feb 15 2022 09:37:35 by "mach5one" with MS VC++ 16.8 / 16.9 (VS2019)

END.
