2023-11-19 14:50:07,629 ERROR [GYM-bot Telegram Executor] Bot [Bot.java:47] Error occurred in Bot class (update)
org.telegram.telegrambots.meta.exceptions.TelegramApiRequestException: Unable to deserialize response
	at org.telegram.telegrambots.meta.api.methods.send.SendMessage.deserializeResponse(SendMessage.java:132)
	at org.telegram.telegrambots.meta.api.methods.send.SendMessage.deserializeResponse(SendMessage.java:32)
	at org.telegram.telegrambots.bots.DefaultAbsSender.sendApiMethod(DefaultAbsSender.java:1009)
	at org.telegram.telegrambots.meta.bots.AbsSender.execute(AbsSender.java:64)
	at Bot.onUpdateReceived(Bot.java:45)
	at java.base/java.util.ArrayList.forEach(ArrayList.java:1596)
	at org.telegram.telegrambots.meta.generics.LongPollingBot.onUpdatesReceived(LongPollingBot.java:27)
	at org.telegram.telegrambots.updatesreceivers.DefaultBotSession$HandlerThread.run(DefaultBotSession.java:320)
Caused by: com.fasterxml.jackson.databind.JsonMappingException: Numeric value (6906636100) out of range of int (-2147483648 - 2147483647)
 at [Source: (String)"{"ok":true,"result":{"message_id":490,"from":{"id":6906636100,"is_bot":true,"first_name":"GYM-bot","username":"CountGymBot"},"chat":{"id":182224604,"first_name":"Olga","last_name":"Zhukova","username":"OlgisZh","type":"private"},"date":1700383807,"text":"Exercise is added. \nrun. Number of times - 5. Number of approaches - 1. Date 2023-11-19"}}"; line: 1, column: 62] (through reference chain: org.telegram.telegrambots.meta.api.objects.ApiResponse["result"]->org.telegram.telegrambots.meta.api.objects.Message["from"]->org.telegram.telegrambots.meta.api.objects.User["id"])
	at com.fasterxml.jackson.databind.JsonMappingException.wrapWithPath(JsonMappingException.java:402)
	at com.fasterxml.jackson.databind.JsonMappingException.wrapWithPath(JsonMappingException.java:361)
	at com.fasterxml.jackson.databind.deser.BeanDeserializerBase.wrapAndThrow(BeanDeserializerBase.java:1853)
	at com.fasterxml.jackson.databind.deser.BeanDeserializer.vanillaDeserialize(BeanDeserializer.java:316)
	at com.fasterxml.jackson.databind.deser.BeanDeserializer.deserialize(BeanDeserializer.java:177)
	at com.fasterxml.jackson.databind.deser.impl.MethodProperty.deserializeAndSet(MethodProperty.java:129)
	at com.fasterxml.jackson.databind.deser.BeanDeserializer.vanillaDeserialize(BeanDeserializer.java:314)
	at com.fasterxml.jackson.databind.deser.BeanDeserializer.deserialize(BeanDeserializer.java:177)
	at com.fasterxml.jackson.databind.deser.impl.FieldProperty.deserializeAndSet(FieldProperty.java:138)
	at com.fasterxml.jackson.databind.deser.BeanDeserializer.vanillaDeserialize(BeanDeserializer.java:314)
	at com.fasterxml.jackson.databind.deser.BeanDeserializer.deserialize(BeanDeserializer.java:177)
	at com.fasterxml.jackson.databind.deser.DefaultDeserializationContext.readRootValue(DefaultDeserializationContext.java:323)
	at com.fasterxml.jackson.databind.ObjectMapper._readMapAndClose(ObjectMapper.java:4825)
	at com.fasterxml.jackson.databind.ObjectMapper.readValue(ObjectMapper.java:3772)
	at com.fasterxml.jackson.databind.ObjectMapper.readValue(ObjectMapper.java:3755)
	at org.telegram.telegrambots.meta.api.methods.send.SendMessage.deserializeResponse(SendMessage.java:124)
	... 7 common frames omitted
Caused by: com.fasterxml.jackson.core.exc.InputCoercionException: Numeric value (6906636100) out of range of int (-2147483648 - 2147483647)
 at [Source: (String)"{"ok":true,"result":{"message_id":490,"from":{"id":6906636100,"is_bot":true,"first_name":"GYM-bot","username":"CountGymBot"},"chat":{"id":182224604,"first_name":"Olga","last_name":"Zhukova","username":"OlgisZh","type":"private"},"date":1700383807,"text":"Exercise is added. \nrun. Number of times - 5. Number of approaches - 1. Date 2023-11-19"}}"; line: 1, column: 62]
	at com.fasterxml.jackson.core.base.ParserMinimalBase._reportInputCoercion(ParserMinimalBase.java:638)
	at com.fasterxml.jackson.core.base.ParserMinimalBase.reportOverflowInt(ParserMinimalBase.java:607)
	at com.fasterxml.jackson.core.base.ParserBase.convertNumberToInt(ParserBase.java:1036)
	at com.fasterxml.jackson.core.base.ParserBase._parseIntValue(ParserBase.java:960)
	at com.fasterxml.jackson.core.base.ParserBase.getIntValue(ParserBase.java:766)
	at com.fasterxml.jackson.databind.deser.std.NumberDeserializers$IntegerDeserializer.deserialize(NumberDeserializers.java:526)
	at com.fasterxml.jackson.databind.deser.std.NumberDeserializers$IntegerDeserializer.deserialize(NumberDeserializers.java:506)
	at com.fasterxml.jackson.databind.deser.impl.MethodProperty.deserializeAndSet(MethodProperty.java:129)
	at com.fasterxml.jackson.databind.deser.BeanDeserializer.vanillaDeserialize(BeanDeserializer.java:314)
	... 19 common frames omitted
2023-11-19 14:50:14,591 ERROR [GYM-bot Telegram Executor] Bot [Bot.java:47] Error occurred in Bot class (update)
org.telegram.telegrambots.meta.exceptions.TelegramApiRequestException: Unable to deserialize response
	at org.telegram.telegrambots.meta.api.methods.send.SendMessage.deserializeResponse(SendMessage.java:132)
	at org.telegram.telegrambots.meta.api.methods.send.SendMessage.deserializeResponse(SendMessage.java:32)
	at org.telegram.telegrambots.bots.DefaultAbsSender.sendApiMethod(DefaultAbsSender.java:1009)
	at org.telegram.telegrambots.meta.bots.AbsSender.execute(AbsSender.java:64)
	at Bot.onUpdateReceived(Bot.java:45)
	at java.base/java.util.ArrayList.forEach(ArrayList.java:1596)
	at org.telegram.telegrambots.meta.generics.LongPollingBot.onUpdatesReceived(LongPollingBot.java:27)
	at org.telegram.telegrambots.updatesreceivers.DefaultBotSession$HandlerThread.run(DefaultBotSession.java:320)
Caused by: com.fasterxml.jackson.databind.JsonMappingException: Numeric value (6906636100) out of range of int (-2147483648 - 2147483647)
 at [Source: (String)"{"ok":true,"result":{"message_id":492,"from":{"id":6906636100,"is_bot":true,"first_name":"GYM-bot","username":"CountGymBot"},"chat":{"id":182224604,"first_name":"Olga","last_name":"Zhukova","username":"OlgisZh","type":"private"},"date":1700383814,"text":"drive. Times - 15. App-s - 8\njump. Times - 270. App-s - 9\nrun. Times - 25. App-s - 5\nsleep. Times - 8. App-s - 1\nswim. Times - 45. App-s - 1"}}"; line: 1, column: 62] (through reference chain: org.telegram.telegrambots.meta.api.objects.ApiResponse["result"]->org.telegram.telegrambots.meta.api.objects.Message["from"]->org.telegram.telegrambots.meta.api.objects.User["id"])
	at com.fasterxml.jackson.databind.JsonMappingException.wrapWithPath(JsonMappingException.java:402)
	at com.fasterxml.jackson.databind.JsonMappingException.wrapWithPath(JsonMappingException.java:361)
	at com.fasterxml.jackson.databind.deser.BeanDeserializerBase.wrapAndThrow(BeanDeserializerBase.java:1853)
	at com.fasterxml.jackson.databind.deser.BeanDeserializer.vanillaDeserialize(BeanDeserializer.java:316)
	at com.fasterxml.jackson.databind.deser.BeanDeserializer.deserialize(BeanDeserializer.java:177)
	at com.fasterxml.jackson.databind.deser.impl.MethodProperty.deserializeAndSet(MethodProperty.java:129)
	at com.fasterxml.jackson.databind.deser.BeanDeserializer.vanillaDeserialize(BeanDeserializer.java:314)
	at com.fasterxml.jackson.databind.deser.BeanDeserializer.deserialize(BeanDeserializer.java:177)
	at com.fasterxml.jackson.databind.deser.impl.FieldProperty.deserializeAndSet(FieldProperty.java:138)
	at com.fasterxml.jackson.databind.deser.BeanDeserializer.vanillaDeserialize(BeanDeserializer.java:314)
	at com.fasterxml.jackson.databind.deser.BeanDeserializer.deserialize(BeanDeserializer.java:177)
	at com.fasterxml.jackson.databind.deser.DefaultDeserializationContext.readRootValue(DefaultDeserializationContext.java:323)
	at com.fasterxml.jackson.databind.ObjectMapper._readMapAndClose(ObjectMapper.java:4825)
	at com.fasterxml.jackson.databind.ObjectMapper.readValue(ObjectMapper.java:3772)
	at com.fasterxml.jackson.databind.ObjectMapper.readValue(ObjectMapper.java:3755)
	at org.telegram.telegrambots.meta.api.methods.send.SendMessage.deserializeResponse(SendMessage.java:124)
	... 7 common frames omitted
Caused by: com.fasterxml.jackson.core.exc.InputCoercionException: Numeric value (6906636100) out of range of int (-2147483648 - 2147483647)
 at [Source: (String)"{"ok":true,"result":{"message_id":492,"from":{"id":6906636100,"is_bot":true,"first_name":"GYM-bot","username":"CountGymBot"},"chat":{"id":182224604,"first_name":"Olga","last_name":"Zhukova","username":"OlgisZh","type":"private"},"date":1700383814,"text":"drive. Times - 15. App-s - 8\njump. Times - 270. App-s - 9\nrun. Times - 25. App-s - 5\nsleep. Times - 8. App-s - 1\nswim. Times - 45. App-s - 1"}}"; line: 1, column: 62]
	at com.fasterxml.jackson.core.base.ParserMinimalBase._reportInputCoercion(ParserMinimalBase.java:638)
	at com.fasterxml.jackson.core.base.ParserMinimalBase.reportOverflowInt(ParserMinimalBase.java:607)
	at com.fasterxml.jackson.core.base.ParserBase.convertNumberToInt(ParserBase.java:1036)
	at com.fasterxml.jackson.core.base.ParserBase._parseIntValue(ParserBase.java:960)
	at com.fasterxml.jackson.core.base.ParserBase.getIntValue(ParserBase.java:766)
	at com.fasterxml.jackson.databind.deser.std.NumberDeserializers$IntegerDeserializer.deserialize(NumberDeserializers.java:526)
	at com.fasterxml.jackson.databind.deser.std.NumberDeserializers$IntegerDeserializer.deserialize(NumberDeserializers.java:506)
	at com.fasterxml.jackson.databind.deser.impl.MethodProperty.deserializeAndSet(MethodProperty.java:129)
	at com.fasterxml.jackson.databind.deser.BeanDeserializer.vanillaDeserialize(BeanDeserializer.java:314)
	... 19 common frames omitted
2023-11-19 14:50:21,100 ERROR [GYM-bot Telegram Executor] o.t.t.u.DefaultBotSession [DefaultBotSession.java:325] No enum constant EnumCommands.SOMETHING
java.lang.IllegalArgumentException: No enum constant EnumCommands.SOMETHING
	at java.base/java.lang.Enum.valueOf(Enum.java:293)
	at EnumCommands.valueOf(EnumCommands.java:1)
	at DataBase.connectToSQL(DataBase.java:60)
	at Bot.onUpdateReceived(Bot.java:43)
	at java.base/java.util.ArrayList.forEach(ArrayList.java:1596)
	at org.telegram.telegrambots.meta.generics.LongPollingBot.onUpdatesReceived(LongPollingBot.java:27)
	at org.telegram.telegrambots.updatesreceivers.DefaultBotSession$HandlerThread.run(DefaultBotSession.java:320)
